

Processing ActionController::Base#index (for 127.0.0.1 at 2010-02-04 20:24:29) [GET]

NameError (uninitialized constant ApplicationController):
  app/controllers/book_controller.rb:1
  /usr/lib/ruby/1.8/webrick/httpserver.rb:104:in `service'
  /usr/lib/ruby/1.8/webrick/httpserver.rb:65:in `run'
  /usr/lib/ruby/1.8/webrick/server.rb:173:in `start_thread'
  /usr/lib/ruby/1.8/webrick/server.rb:162:in `start'
  /usr/lib/ruby/1.8/webrick/server.rb:162:in `start_thread'
  /usr/lib/ruby/1.8/webrick/server.rb:95:in `start'
  /usr/lib/ruby/1.8/webrick/server.rb:92:in `each'
  /usr/lib/ruby/1.8/webrick/server.rb:92:in `start'
  /usr/lib/ruby/1.8/webrick/server.rb:23:in `start'
  /usr/lib/ruby/1.8/webrick/server.rb:82:in `start'

Rendered rescues/_trace (95.7ms)
Rendered rescues/_request_and_response (1.6ms)
Rendering rescues/layout (internal_server_error)


Processing ActionController::Base#index (for 127.0.0.1 at 2010-02-04 20:27:17) [GET]

NameError (uninitialized constant ApplicationController):
  app/controllers/book_controller.rb:1
  /usr/lib/ruby/1.8/webrick/httpserver.rb:104:in `service'
  /usr/lib/ruby/1.8/webrick/httpserver.rb:65:in `run'
  /usr/lib/ruby/1.8/webrick/server.rb:173:in `start_thread'
  /usr/lib/ruby/1.8/webrick/server.rb:162:in `start'
  /usr/lib/ruby/1.8/webrick/server.rb:162:in `start_thread'
  /usr/lib/ruby/1.8/webrick/server.rb:95:in `start'
  /usr/lib/ruby/1.8/webrick/server.rb:92:in `each'
  /usr/lib/ruby/1.8/webrick/server.rb:92:in `start'
  /usr/lib/ruby/1.8/webrick/server.rb:23:in `start'
  /usr/lib/ruby/1.8/webrick/server.rb:82:in `start'

Rendered rescues/_trace (30.7ms)
Rendered rescues/_request_and_response (0.3ms)
Rendering rescues/layout (internal_server_error)


Processing BookController#index (for 127.0.0.1 at 2010-02-04 20:30:59) [GET]

ActionController::UnknownAction (No action responded to index. Actions: add):
  /usr/lib/ruby/1.8/webrick/httpserver.rb:104:in `service'
  /usr/lib/ruby/1.8/webrick/httpserver.rb:65:in `run'
  /usr/lib/ruby/1.8/webrick/server.rb:173:in `start_thread'
  /usr/lib/ruby/1.8/webrick/server.rb:162:in `start'
  /usr/lib/ruby/1.8/webrick/server.rb:162:in `start_thread'
  /usr/lib/ruby/1.8/webrick/server.rb:95:in `start'
  /usr/lib/ruby/1.8/webrick/server.rb:92:in `each'
  /usr/lib/ruby/1.8/webrick/server.rb:92:in `start'
  /usr/lib/ruby/1.8/webrick/server.rb:23:in `start'
  /usr/lib/ruby/1.8/webrick/server.rb:82:in `start'

Rendering rescues/layout (not_found)


Processing BookController#add (for 127.0.0.1 at 2010-02-04 20:31:17) [GET]
Rendering book/add
Completed in 8ms (View: 6, DB: 0) | 200 OK [http://localhost/book/add]


Processing BookController#add (for 127.0.0.1 at 2010-02-04 20:36:36) [GET]
Rendering book/add
Completed in 25ms (View: 23, DB: 0) | 200 OK [http://localhost/book/add]


Processing BookController#add (for 127.0.0.1 at 2010-02-04 20:44:44) [GET]
Rendering book/add
Completed in 118ms (View: 116, DB: 0) | 200 OK [http://localhost/book/add]


Processing BookController#add (for 127.0.0.1 at 2010-02-04 20:53:19) [GET]
Rendering book/add
Completed in 181ms (View: 179, DB: 0) | 200 OK [http://localhost/book/add]


Processing BookController#add (for 127.0.0.1 at 2010-02-04 20:53:23) [POST]
  Parameters: {"authenticity_token"=>"qQMLG1Ma/chxXVNX62f3W4rNIzsGBpAf9KlzxNX0pxk=", "user"=>{"email"=>"alkjad"}}
Rendering book/add
Completed in 5ms (View: 2, DB: 0) | 200 OK [http://localhost/book/add]


Processing BookController#add (for 127.0.0.1 at 2010-02-04 20:54:28) [POST]
  Parameters: {"authenticity_token"=>"qQMLG1Ma/chxXVNX62f3W4rNIzsGBpAf9KlzxNX0pxk=", "user"=>{"email"=>"alkjad"}}
Rendering book/add
Completed in 10ms (View: 7, DB: 0) | 200 OK [http://localhost/book/add]


Processing BookController#add (for 127.0.0.1 at 2010-02-04 20:54:34) [POST]
  Parameters: {"authenticity_token"=>"qQMLG1Ma/chxXVNX62f3W4rNIzsGBpAf9KlzxNX0pxk=", "user"=>{"email"=>"adkjlas"}}
Rendering book/add
Completed in 4ms (View: 2, DB: 0) | 200 OK [http://localhost/book/add]


Processing BookController#add (for 127.0.0.1 at 2010-02-04 20:54:38) [POST]
  Parameters: {"authenticity_token"=>"qQMLG1Ma/chxXVNX62f3W4rNIzsGBpAf9KlzxNX0pxk=", "user"=>{"email"=>"daslkjdasl"}}
Rendering book/add
Completed in 5ms (View: 3, DB: 0) | 200 OK [http://localhost/book/add]


Processing BookController#add (for 127.0.0.1 at 2010-02-04 20:56:51) [POST]
  Parameters: {"authenticity_token"=>"qQMLG1Ma/chxXVNX62f3W4rNIzsGBpAf9KlzxNX0pxk=", "user"=>{"email"=>"daslkjdasl"}}
Rendering book/add

ActionView::TemplateError (undefined method `key' for #<Array:0x7ff7b4dee1b8>) on line #4 of app/views/book/add.html.erb:
1: <h1>Book#add</h1>
2: <p>Find me in app/views/book/add.html.erb</p>
3: <%params.each do |param|%>
4:     <p> <%="#{param.key} : #{param.value}"%></p>
5: <%end%>    
6: <%form_tag do%>
7:     <%=text_field 'user', 'email', :class => 'input-textbox', :value => '', :maxlength => 40, :size => 20%>

    app/views/book/add.html.erb:4
    app/views/book/add.html.erb:3:in `each'
    app/views/book/add.html.erb:3
    /usr/lib/ruby/1.8/webrick/httpserver.rb:104:in `service'
    /usr/lib/ruby/1.8/webrick/httpserver.rb:65:in `run'
    /usr/lib/ruby/1.8/webrick/server.rb:173:in `start_thread'
    /usr/lib/ruby/1.8/webrick/server.rb:162:in `start'
    /usr/lib/ruby/1.8/webrick/server.rb:162:in `start_thread'
    /usr/lib/ruby/1.8/webrick/server.rb:95:in `start'
    /usr/lib/ruby/1.8/webrick/server.rb:92:in `each'
    /usr/lib/ruby/1.8/webrick/server.rb:92:in `start'
    /usr/lib/ruby/1.8/webrick/server.rb:23:in `start'
    /usr/lib/ruby/1.8/webrick/server.rb:82:in `start'

Rendered rescues/_trace (110.6ms)
Rendered rescues/_request_and_response (2.2ms)
Rendering rescues/layout (internal_server_error)


Processing BookController#add (for 127.0.0.1 at 2010-02-04 20:57:08) [POST]
  Parameters: {"authenticity_token"=>"qQMLG1Ma/chxXVNX62f3W4rNIzsGBpAf9KlzxNX0pxk=", "user"=>{"email"=>"daslkjdasl"}}
Rendering book/add

ActionView::TemplateError (undefined method `value' for #<Array:0x7ff7b4f6f2a8>) on line #4 of app/views/book/add.html.erb:
1: <h1>Book#add</h1>
2: <p>Find me in app/views/book/add.html.erb</p>
3: <%params.each do |param|%>
4:     <p> <%="#{param} : #{param.value}"%></p>
5: <%end%>    
6: <%form_tag do%>
7:     <%=text_field 'user', 'email', :class => 'input-textbox', :value => '', :maxlength => 40, :size => 20%>

    app/views/book/add.html.erb:4
    app/views/book/add.html.erb:3:in `each'
    app/views/book/add.html.erb:3
    /usr/lib/ruby/1.8/webrick/httpserver.rb:104:in `service'
    /usr/lib/ruby/1.8/webrick/httpserver.rb:65:in `run'
    /usr/lib/ruby/1.8/webrick/server.rb:173:in `start_thread'
    /usr/lib/ruby/1.8/webrick/server.rb:162:in `start'
    /usr/lib/ruby/1.8/webrick/server.rb:162:in `start_thread'
    /usr/lib/ruby/1.8/webrick/server.rb:95:in `start'
    /usr/lib/ruby/1.8/webrick/server.rb:92:in `each'
    /usr/lib/ruby/1.8/webrick/server.rb:92:in `start'
    /usr/lib/ruby/1.8/webrick/server.rb:23:in `start'
    /usr/lib/ruby/1.8/webrick/server.rb:82:in `start'

Rendered rescues/_trace (36.4ms)
Rendered rescues/_request_and_response (0.5ms)
Rendering rescues/layout (internal_server_error)


Processing BookController#add (for 127.0.0.1 at 2010-02-04 20:57:26) [POST]
  Parameters: {"authenticity_token"=>"qQMLG1Ma/chxXVNX62f3W4rNIzsGBpAf9KlzxNX0pxk=", "user"=>{"email"=>"daslkjdasl"}}
Rendering book/add
Completed in 9ms (View: 7, DB: 0) | 200 OK [http://localhost/book/add]


Processing BookController#add (for 127.0.0.1 at 2010-02-04 20:57:47) [POST]
  Parameters: {"authenticity_token"=>"qQMLG1Ma/chxXVNX62f3W4rNIzsGBpAf9KlzxNX0pxk=", "user"=>{"email"=>"daslkjdasl"}}
Rendering book/add
Completed in 11ms (View: 8, DB: 0) | 200 OK [http://localhost/book/add]


Processing BookController#add (for 127.0.0.1 at 2010-02-04 20:57:51) [POST]
  Parameters: {"authenticity_token"=>"qQMLG1Ma/chxXVNX62f3W4rNIzsGBpAf9KlzxNX0pxk=", "user"=>{"email"=>"fdakhadfl"}}
Rendering book/add
Completed in 5ms (View: 2, DB: 0) | 200 OK [http://localhost/book/add]


Processing BookController#add (for 127.0.0.1 at 2010-02-04 20:57:56) [POST]
  Parameters: {"authenticity_token"=>"qQMLG1Ma/chxXVNX62f3W4rNIzsGBpAf9KlzxNX0pxk=", "user"=>{"email"=>"adflkjaljlkjkjafsd"}}
Rendering book/add
Completed in 5ms (View: 2, DB: 0) | 200 OK [http://localhost/book/add]


Processing BookController#add (for 127.0.0.1 at 2010-02-04 20:59:01) [POST]
  Parameters: {"authenticity_token"=>"qQMLG1Ma/chxXVNX62f3W4rNIzsGBpAf9KlzxNX0pxk=", "user"=>{"email"=>"adflkjaljlkjkjafsd"}}
Rendering book/add
Completed in 16ms (View: 14, DB: 0) | 200 OK [http://localhost/book/add]


Processing BookController#add (for 127.0.0.1 at 2010-02-04 20:59:22) [POST]
  Parameters: {"authenticity_token"=>"qQMLG1Ma/chxXVNX62f3W4rNIzsGBpAf9KlzxNX0pxk=", "user"=>{"email"=>"adflkjaljlkjkjafsd"}}
Rendering book/add
Completed in 9ms (View: 7, DB: 0) | 200 OK [http://localhost/book/add]


Processing BookController#add (for 127.0.0.1 at 2010-02-04 21:00:03) [POST]
  Parameters: {"authenticity_token"=>"qQMLG1Ma/chxXVNX62f3W4rNIzsGBpAf9KlzxNX0pxk=", "user"=>{"email"=>"adflkjaljlkjkjafsd"}}
Rendering book/add
Completed in 10ms (View: 7, DB: 0) | 200 OK [http://localhost/book/add]


Processing BookController#add (for 127.0.0.1 at 2010-02-04 21:00:40) [POST]
  Parameters: {"authenticity_token"=>"qQMLG1Ma/chxXVNX62f3W4rNIzsGBpAf9KlzxNX0pxk=", "user"=>{"email"=>"adflkjaljlkjkjafsd"}}
Rendering book/add
Completed in 9ms (View: 6, DB: 0) | 200 OK [http://localhost/book/add]


Processing BookController#add (for 127.0.0.1 at 2010-02-04 21:00:55) [POST]
  Parameters: {"authenticity_token"=>"qQMLG1Ma/chxXVNX62f3W4rNIzsGBpAf9KlzxNX0pxk=", "user"=>{"email"=>"adflkjaljlkjkjafsd"}}
Rendering book/add
Completed in 11ms (View: 9, DB: 0) | 200 OK [http://localhost/book/add]


Processing BookController#add (for 127.0.0.1 at 2010-02-04 21:01:13) [POST]
  Parameters: {"authenticity_token"=>"qQMLG1Ma/chxXVNX62f3W4rNIzsGBpAf9KlzxNX0pxk=", "user"=>{"email"=>"adflkjaljlkjkjafsd"}}
Rendering book/add
Completed in 10ms (View: 7, DB: 0) | 200 OK [http://localhost/book/add]


Processing BookController#add (for 127.0.0.1 at 2010-02-04 21:01:51) [POST]
  Parameters: {"authenticity_token"=>"qQMLG1Ma/chxXVNX62f3W4rNIzsGBpAf9KlzxNX0pxk=", "user"=>{"email"=>"adflkjaljlkjkjafsd"}}
Rendering book/add
Completed in 21ms (View: 18, DB: 0) | 200 OK [http://localhost/book/add]


Processing BookController#add (for 127.0.0.1 at 2010-02-04 21:02:23) [POST]
  Parameters: {"authenticity_token"=>"qQMLG1Ma/chxXVNX62f3W4rNIzsGBpAf9KlzxNX0pxk=", "user"=>{"email"=>"adflkjaljlkjkjafsd"}}
Rendering book/add
Completed in 11ms (View: 9, DB: 0) | 200 OK [http://localhost/book/add]


Processing BookController#add (for 127.0.0.1 at 2010-02-04 21:02:41) [POST]
  Parameters: {"authenticity_token"=>"qQMLG1Ma/chxXVNX62f3W4rNIzsGBpAf9KlzxNX0pxk=", "user"=>{"email"=>"adflkjaljlkjkjafsd"}}
Rendering book/add
Completed in 10ms (View: 7, DB: 0) | 200 OK [http://localhost/book/add]


Processing BookController#add (for 127.0.0.1 at 2010-02-04 21:10:06) [POST]
  Parameters: {"authenticity_token"=>"qQMLG1Ma/chxXVNX62f3W4rNIzsGBpAf9KlzxNX0pxk=", "user"=>{"email"=>"adflkjaljlkjkjafsd"}}
Rendering book/add
Completed in 9ms (View: 7, DB: 0) | 200 OK [http://localhost/book/add]


Processing ApplicationController#add (for 127.0.0.1 at 2010-02-04 21:16:55) [POST]
  Parameters: {"authenticity_token"=>"qQMLG1Ma/chxXVNX62f3W4rNIzsGBpAf9KlzxNX0pxk=", "user"=>{"email"=>"adflkjaljlkjkjafsd"}}

LoadError (Expected /home/chandan/projects/bookhunt/app/controllers/book_controller.rb to define BookController):
  /usr/lib/ruby/1.8/webrick/httpserver.rb:104:in `service'
  /usr/lib/ruby/1.8/webrick/httpserver.rb:65:in `run'
  /usr/lib/ruby/1.8/webrick/server.rb:173:in `start_thread'
  /usr/lib/ruby/1.8/webrick/server.rb:162:in `start'
  /usr/lib/ruby/1.8/webrick/server.rb:162:in `start_thread'
  /usr/lib/ruby/1.8/webrick/server.rb:95:in `start'
  /usr/lib/ruby/1.8/webrick/server.rb:92:in `each'
  /usr/lib/ruby/1.8/webrick/server.rb:92:in `start'
  /usr/lib/ruby/1.8/webrick/server.rb:23:in `start'
  /usr/lib/ruby/1.8/webrick/server.rb:82:in `start'

Rendered rescues/_trace (24.6ms)
Rendered rescues/_request_and_response (0.4ms)
Rendering rescues/layout (internal_server_error)


Processing ApplicationController#index (for 127.0.0.1 at 2010-02-04 21:17:00) [GET]

ActionController::RoutingError (No route matches "/books/add" with {:method=>:get}):
  /usr/lib/ruby/1.8/webrick/httpserver.rb:104:in `service'
  /usr/lib/ruby/1.8/webrick/httpserver.rb:65:in `run'
  /usr/lib/ruby/1.8/webrick/server.rb:173:in `start_thread'
  /usr/lib/ruby/1.8/webrick/server.rb:162:in `start'
  /usr/lib/ruby/1.8/webrick/server.rb:162:in `start_thread'
  /usr/lib/ruby/1.8/webrick/server.rb:95:in `start'
  /usr/lib/ruby/1.8/webrick/server.rb:92:in `each'
  /usr/lib/ruby/1.8/webrick/server.rb:92:in `start'
  /usr/lib/ruby/1.8/webrick/server.rb:23:in `start'
  /usr/lib/ruby/1.8/webrick/server.rb:82:in `start'

Rendering rescues/layout (not_found)


Processing ApplicationController#index (for 127.0.0.1 at 2010-02-04 21:17:23) [GET]

ActionController::RoutingError (No route matches "/books" with {:method=>:get}):
  /usr/lib/ruby/1.8/webrick/httpserver.rb:104:in `service'
  /usr/lib/ruby/1.8/webrick/httpserver.rb:65:in `run'
  /usr/lib/ruby/1.8/webrick/server.rb:173:in `start_thread'
  /usr/lib/ruby/1.8/webrick/server.rb:162:in `start'
  /usr/lib/ruby/1.8/webrick/server.rb:162:in `start_thread'
  /usr/lib/ruby/1.8/webrick/server.rb:95:in `start'
  /usr/lib/ruby/1.8/webrick/server.rb:92:in `each'
  /usr/lib/ruby/1.8/webrick/server.rb:92:in `start'
  /usr/lib/ruby/1.8/webrick/server.rb:23:in `start'
  /usr/lib/ruby/1.8/webrick/server.rb:82:in `start'

Rendering rescues/layout (not_found)


Processing ApplicationController#index (for 127.0.0.1 at 2010-02-04 21:17:31) [GET]

ActionController::RoutingError (No route matches "/books/add" with {:method=>:get}):
  /usr/lib/ruby/1.8/webrick/httpserver.rb:104:in `service'
  /usr/lib/ruby/1.8/webrick/httpserver.rb:65:in `run'
  /usr/lib/ruby/1.8/webrick/server.rb:173:in `start_thread'
  /usr/lib/ruby/1.8/webrick/server.rb:162:in `start'
  /usr/lib/ruby/1.8/webrick/server.rb:162:in `start_thread'
  /usr/lib/ruby/1.8/webrick/server.rb:95:in `start'
  /usr/lib/ruby/1.8/webrick/server.rb:92:in `each'
  /usr/lib/ruby/1.8/webrick/server.rb:92:in `start'
  /usr/lib/ruby/1.8/webrick/server.rb:23:in `start'
  /usr/lib/ruby/1.8/webrick/server.rb:82:in `start'

Rendering rescues/layout (not_found)


Processing ApplicationController#index (for 127.0.0.1 at 2010-02-04 21:18:17) [GET]

ActionController::RoutingError (No route matches "/books/add" with {:method=>:get}):
  /usr/lib/ruby/1.8/webrick/httpserver.rb:104:in `service'
  /usr/lib/ruby/1.8/webrick/httpserver.rb:65:in `run'
  /usr/lib/ruby/1.8/webrick/server.rb:173:in `start_thread'
  /usr/lib/ruby/1.8/webrick/server.rb:162:in `start'
  /usr/lib/ruby/1.8/webrick/server.rb:162:in `start_thread'
  /usr/lib/ruby/1.8/webrick/server.rb:95:in `start'
  /usr/lib/ruby/1.8/webrick/server.rb:92:in `each'
  /usr/lib/ruby/1.8/webrick/server.rb:92:in `start'
  /usr/lib/ruby/1.8/webrick/server.rb:23:in `start'
  /usr/lib/ruby/1.8/webrick/server.rb:82:in `start'

Rendering rescues/layout (not_found)


Processing BooksController#add (for 127.0.0.1 at 2010-02-04 21:18:36) [GET]
Rendering books/add
Completed in 22ms (View: 20, DB: 0) | 200 OK [http://localhost/books/add]


Processing BooksController#add (for 127.0.0.1 at 2010-02-04 21:20:09) [GET]
Rendering books/add

ActionView::TemplateError (Symbol as array index) on line #6 of app/views/books/add.html.erb:
3: <p> <%="PARAMS>>>>>>>>>#{params[:user]}"%></p>
4: <p> <%="PARAMS>>>>>>>>>#{params.type}"%></p>
5: <%params.each do |param|%>
6:     <p> <%="#{param[:user]}"%></p>
7: <%end%>    
8: <%form_for :book do%>
9:     <%=text_field 'user', 'email', :class => 'input-textbox', :value => '', :maxlength => 40, :size => 20%>

    app/views/books/add.html.erb:6:in `[]'
    app/views/books/add.html.erb:6
    app/views/books/add.html.erb:5:in `each'
    app/views/books/add.html.erb:5
    /usr/lib/ruby/1.8/webrick/httpserver.rb:104:in `service'
    /usr/lib/ruby/1.8/webrick/httpserver.rb:65:in `run'
    /usr/lib/ruby/1.8/webrick/server.rb:173:in `start_thread'
    /usr/lib/ruby/1.8/webrick/server.rb:162:in `start'
    /usr/lib/ruby/1.8/webrick/server.rb:162:in `start_thread'
    /usr/lib/ruby/1.8/webrick/server.rb:95:in `start'
    /usr/lib/ruby/1.8/webrick/server.rb:92:in `each'
    /usr/lib/ruby/1.8/webrick/server.rb:92:in `start'
    /usr/lib/ruby/1.8/webrick/server.rb:23:in `start'
    /usr/lib/ruby/1.8/webrick/server.rb:82:in `start'

Rendered rescues/_trace (37.6ms)
Rendered rescues/_request_and_response (1.5ms)
Rendering rescues/layout (internal_server_error)


Processing BooksController#add (for 127.0.0.1 at 2010-02-04 21:20:53) [GET]
Rendering books/add
Completed in 9ms (View: 7, DB: 0) | 200 OK [http://localhost/books/add]


Processing BooksController#add (for 127.0.0.1 at 2010-02-04 21:21:09) [GET]
Rendering books/add
Completed in 12ms (View: 10, DB: 0) | 200 OK [http://localhost/books/add]


Processing BooksController#add (for 127.0.0.1 at 2010-02-04 21:21:15) [POST]
  Parameters: {"authenticity_token"=>"qQMLG1Ma/chxXVNX62f3W4rNIzsGBpAf9KlzxNX0pxk=", "user"=>{"email"=>"fdlka"}}
Rendering books/add
Completed in 4ms (View: 2, DB: 0) | 200 OK [http://localhost/books/add]


Processing BooksController#add (for 127.0.0.1 at 2010-02-04 21:21:25) [POST]
  Parameters: {"authenticity_token"=>"qQMLG1Ma/chxXVNX62f3W4rNIzsGBpAf9KlzxNX0pxk=", "user"=>{"email"=>"dsalkjda"}}
Rendering books/add
Completed in 15ms (View: 12, DB: 0) | 200 OK [http://localhost/books/add]


Processing BooksController#add (for 127.0.0.1 at 2010-02-04 21:22:16) [POST]
  Parameters: {"authenticity_token"=>"qQMLG1Ma/chxXVNX62f3W4rNIzsGBpAf9KlzxNX0pxk=", "user"=>{"email"=>"dsalkjda"}}
Rendering books/add

ActionView::TemplateError (wrong number of arguments (3 for 2)) on line #9 of app/views/books/add.html.erb:
6:     <p> <%="#{param[1]}"%></p>
7: <%end%>    
8: <%form_for :book do|f|%>
9:     <%=f.text_field 'user', 'email', :class => 'input-textbox', :value => '', :maxlength => 40, :size => 20%>
10: <%end%>

    app/views/books/add.html.erb:9:in `text_field'
    app/views/books/add.html.erb:9
    app/views/books/add.html.erb:8
    /usr/lib/ruby/1.8/webrick/httpserver.rb:104:in `service'
    /usr/lib/ruby/1.8/webrick/httpserver.rb:65:in `run'
    /usr/lib/ruby/1.8/webrick/server.rb:173:in `start_thread'
    /usr/lib/ruby/1.8/webrick/server.rb:162:in `start'
    /usr/lib/ruby/1.8/webrick/server.rb:162:in `start_thread'
    /usr/lib/ruby/1.8/webrick/server.rb:95:in `start'
    /usr/lib/ruby/1.8/webrick/server.rb:92:in `each'
    /usr/lib/ruby/1.8/webrick/server.rb:92:in `start'
    /usr/lib/ruby/1.8/webrick/server.rb:23:in `start'
    /usr/lib/ruby/1.8/webrick/server.rb:82:in `start'

Rendered rescues/_trace (35.9ms)
Rendered rescues/_request_and_response (0.4ms)
Rendering rescues/layout (internal_server_error)


Processing BooksController#add (for 127.0.0.1 at 2010-02-04 21:22:38) [POST]
  Parameters: {"authenticity_token"=>"qQMLG1Ma/chxXVNX62f3W4rNIzsGBpAf9KlzxNX0pxk=", "user"=>{"email"=>"dsalkjda"}}
Rendering books/add
Completed in 10ms (View: 6, DB: 0) | 200 OK [http://localhost/books/add]


Processing BooksController#add (for 127.0.0.1 at 2010-02-04 21:22:50) [POST]
  Parameters: {"authenticity_token"=>"qQMLG1Ma/chxXVNX62f3W4rNIzsGBpAf9KlzxNX0pxk=", "user"=>{"email"=>"dsalkjda"}}
Rendering books/add
Completed in 8ms (View: 6, DB: 0) | 200 OK [http://localhost/books/add]


Processing BooksController#add (for 127.0.0.1 at 2010-02-04 21:22:53) [POST]
  Parameters: {"authenticity_token"=>"qQMLG1Ma/chxXVNX62f3W4rNIzsGBpAf9KlzxNX0pxk=", "book"=>{"email"=>"fdaskj"}}
Rendering books/add
Completed in 5ms (View: 2, DB: 0) | 200 OK [http://localhost/books/add]


Processing BooksController#add (for 127.0.0.1 at 2010-02-04 21:22:57) [POST]
  Parameters: {"authenticity_token"=>"qQMLG1Ma/chxXVNX62f3W4rNIzsGBpAf9KlzxNX0pxk=", "book"=>{"email"=>"dfakljads"}}
Rendering books/add
Completed in 5ms (View: 3, DB: 0) | 200 OK [http://localhost/books/add]


Processing ApplicationController#index (for 127.0.0.1 at 2010-02-05 10:16:07) [GET]

ActionController::RoutingError (No route matches "/book/add" with {:method=>:get}):
  /usr/lib/ruby/1.8/webrick/httpserver.rb:104:in `service'
  /usr/lib/ruby/1.8/webrick/httpserver.rb:65:in `run'
  /usr/lib/ruby/1.8/webrick/server.rb:173:in `start_thread'
  /usr/lib/ruby/1.8/webrick/server.rb:162:in `start'
  /usr/lib/ruby/1.8/webrick/server.rb:162:in `start_thread'
  /usr/lib/ruby/1.8/webrick/server.rb:95:in `start'
  /usr/lib/ruby/1.8/webrick/server.rb:92:in `each'
  /usr/lib/ruby/1.8/webrick/server.rb:92:in `start'
  /usr/lib/ruby/1.8/webrick/server.rb:23:in `start'
  /usr/lib/ruby/1.8/webrick/server.rb:82:in `start'

Rendering rescues/layout (not_found)


Processing BooksController#add (for 127.0.0.1 at 2010-02-05 10:16:12) [GET]
Rendering books/add
Completed in 5ms (View: 3, DB: 0) | 200 OK [http://localhost/books/add]


Processing BooksController#add (for 127.0.0.1 at 2010-02-05 19:47:03) [GET]
Rendering books/add
Completed in 5ms (View: 3, DB: 0) | 200 OK [http://localhost/books/add]


Processing BooksController#add (for 127.0.0.1 at 2010-02-05 20:18:24) [GET]

ActionView::MissingTemplate (Missing template books/index.erb in view path app/views):
  app/controllers/books_controller.rb:10:in `add'
  /usr/lib/ruby/1.8/webrick/httpserver.rb:104:in `service'
  /usr/lib/ruby/1.8/webrick/httpserver.rb:65:in `run'
  /usr/lib/ruby/1.8/webrick/server.rb:173:in `start_thread'
  /usr/lib/ruby/1.8/webrick/server.rb:162:in `start'
  /usr/lib/ruby/1.8/webrick/server.rb:162:in `start_thread'
  /usr/lib/ruby/1.8/webrick/server.rb:95:in `start'
  /usr/lib/ruby/1.8/webrick/server.rb:92:in `each'
  /usr/lib/ruby/1.8/webrick/server.rb:92:in `start'
  /usr/lib/ruby/1.8/webrick/server.rb:23:in `start'
  /usr/lib/ruby/1.8/webrick/server.rb:82:in `start'

Rendering rescues/layout (internal_server_error)


Processing BooksController#add (for 127.0.0.1 at 2010-02-05 20:19:17) [GET]
Rendering books/index
Completed in 9ms (View: 7, DB: 0) | 200 OK [http://localhost/books/add]


Processing BooksController#add (for 127.0.0.1 at 2010-02-05 20:19:33) [GET]
Rendering books/index
Completed in 10ms (View: 7, DB: 0) | 200 OK [http://localhost/books/add]
  [4;36;1mSQL (0.4ms)[0m   [0;1m SELECT name
 FROM sqlite_master
 WHERE type = 'table' AND NOT name = 'sqlite_sequence'
[0m
  [4;35;1mSQL (0.2ms)[0m   [0mselect sqlite_version(*)[0m
  [4;36;1mSQL (83.4ms)[0m   [0;1mCREATE TABLE "schema_migrations" ("version" varchar(255) NOT NULL) [0m
  [4;35;1mSQL (94.5ms)[0m   [0mCREATE UNIQUE INDEX "unique_schema_migrations" ON "schema_migrations" ("version")[0m
  [4;36;1mSQL (0.6ms)[0m   [0;1m SELECT name
 FROM sqlite_master
 WHERE type = 'table' AND NOT name = 'sqlite_sequence'
[0m
  [4;35;1mSQL (0.3ms)[0m   [0mSELECT version FROM schema_migrations[0m
Migrating to CreateBooks (20100205152732)
  [4;36;1mSQL (0.8ms)[0m   [0;1mCREATE TABLE "books" ("id" INTEGER PRIMARY KEY AUTOINCREMENT NOT NULL, "name" varchar(255), "author" varchar(255), "mrp" decimal, "sale_price" decimal, "created_at" datetime, "updated_at" datetime) [0m
  [4;35;1mSQL (0.2ms)[0m   [0mINSERT INTO schema_migrations (version) VALUES ('20100205152732')[0m
  [4;36;1mSQL (0.5ms)[0m   [0;1m SELECT name
 FROM sqlite_master
 WHERE type = 'table' AND NOT name = 'sqlite_sequence'
[0m
  [4;35;1mSQL (0.3ms)[0m   [0mSELECT version FROM schema_migrations[0m
  [4;36;1mSQL (0.4ms)[0m   [0;1m SELECT name
 FROM sqlite_master
 WHERE type = 'table' AND NOT name = 'sqlite_sequence'
[0m
  [4;35;1mSQL (0.1ms)[0m   [0mPRAGMA index_list("books")[0m
  [4;36;1mSQL (0.1ms)[0m   [0;1mSET SQL_AUTO_IS_NULL=0[0m
  [4;35;1mSQL (0.2ms)[0m   [0mSHOW TABLES[0m
  [4;36;1mSQL (113.1ms)[0m   [0;1mCREATE TABLE `schema_migrations` (`version` varchar(255) NOT NULL) ENGINE=InnoDB[0m
  [4;35;1mSQL (188.8ms)[0m   [0mCREATE UNIQUE INDEX `unique_schema_migrations` ON `schema_migrations` (`version`)[0m
  [4;36;1mSQL (0.5ms)[0m   [0;1mSHOW TABLES[0m
  [4;35;1mSQL (0.5ms)[0m   [0mSELECT version FROM schema_migrations[0m
Migrating to CreateBooks (20100205152732)
  [4;36;1mSQL (119.7ms)[0m   [0;1mCREATE TABLE `books` (`id` int(11) DEFAULT NULL auto_increment PRIMARY KEY, `name` varchar(255), `author` varchar(255), `mrp` decimal, `sale_price` decimal, `created_at` datetime, `updated_at` datetime) ENGINE=InnoDB[0m
  [4;35;1mSQL (41.4ms)[0m   [0mINSERT INTO schema_migrations (version) VALUES ('20100205152732')[0m
  [4;36;1mSQL (0.7ms)[0m   [0;1mSHOW TABLES[0m
  [4;35;1mSQL (0.2ms)[0m   [0mSELECT version FROM schema_migrations[0m
  [4;36;1mSQL (0.2ms)[0m   [0;1mSHOW TABLES[0m
  [4;35;1mSQL (0.7ms)[0m   [0mSHOW FIELDS FROM `books`[0m
  [4;36;1mSQL (0.6ms)[0m   [0;1mdescribe `books`[0m
  [4;35;1mSQL (0.2ms)[0m   [0mSHOW KEYS FROM `books`[0m


Processing ApplicationController#index (for 127.0.0.1 at 2010-02-06 01:02:45) [GET]

ActionController::RoutingError (No route matches "/book/add" with {:method=>:get}):
  /usr/lib/ruby/1.8/webrick/httpserver.rb:104:in `service'
  /usr/lib/ruby/1.8/webrick/httpserver.rb:65:in `run'
  /usr/lib/ruby/1.8/webrick/server.rb:173:in `start_thread'
  /usr/lib/ruby/1.8/webrick/server.rb:162:in `start'
  /usr/lib/ruby/1.8/webrick/server.rb:162:in `start_thread'
  /usr/lib/ruby/1.8/webrick/server.rb:95:in `start'
  /usr/lib/ruby/1.8/webrick/server.rb:92:in `each'
  /usr/lib/ruby/1.8/webrick/server.rb:92:in `start'
  /usr/lib/ruby/1.8/webrick/server.rb:23:in `start'
  /usr/lib/ruby/1.8/webrick/server.rb:82:in `start'

Rendering rescues/layout (not_found)


Processing BooksController#add (for 127.0.0.1 at 2010-02-06 01:02:50) [GET]
Rendering books/add

ActionView::TemplateError (undefined method `submit_tag' for #<ActionView::Helpers::FormBuilder:0x7fa296c27118>) on line #11 of app/views/books/add.html.erb:
8: <% form_for :book do |f| %>
9:     <%= f.text_field 'name', :maxlength => 40, :size => 20 %>
10:     <%= f.text_field 'author', :maxlength => 40, :size => 20 %>
11:     <%= f.submit_tag 'add'%>
12:  <% end %>

    app/views/books/add.html.erb:11
    app/views/books/add.html.erb:8
    app/controllers/books_controller.rb:10:in `add'
    /usr/lib/ruby/1.8/webrick/httpserver.rb:104:in `service'
    /usr/lib/ruby/1.8/webrick/httpserver.rb:65:in `run'
    /usr/lib/ruby/1.8/webrick/server.rb:173:in `start_thread'
    /usr/lib/ruby/1.8/webrick/server.rb:162:in `start'
    /usr/lib/ruby/1.8/webrick/server.rb:162:in `start_thread'
    /usr/lib/ruby/1.8/webrick/server.rb:95:in `start'
    /usr/lib/ruby/1.8/webrick/server.rb:92:in `each'
    /usr/lib/ruby/1.8/webrick/server.rb:92:in `start'
    /usr/lib/ruby/1.8/webrick/server.rb:23:in `start'
    /usr/lib/ruby/1.8/webrick/server.rb:82:in `start'

Rendered rescues/_trace (36.9ms)
Rendered rescues/_request_and_response (0.3ms)
Rendering rescues/layout (internal_server_error)


Processing BooksController#add (for 127.0.0.1 at 2010-02-06 01:03:12) [GET]
Rendering books/add
Completed in 9ms (View: 7, DB: 0) | 200 OK [http://localhost/books/add]


Processing BooksController#add (for 127.0.0.1 at 2010-02-06 01:03:31) [POST]
  Parameters: {"commit"=>"add", "authenticity_token"=>"qQMLG1Ma/chxXVNX62f3W4rNIzsGBpAf9KlzxNX0pxk=", "book"=>{"name"=>"database", "author"=>"chandan"}}
  [4;36;1mSQL (0.8ms)[0m   [0;1m SELECT name
 FROM sqlite_master
 WHERE type = 'table' AND NOT name = 'sqlite_sequence'
[0m

NoMethodError (undefined method `save!' for #<Class:0x7fa2969c2b98>):
  app/controllers/books_controller.rb:12:in `add'
  /usr/lib/ruby/1.8/webrick/httpserver.rb:104:in `service'
  /usr/lib/ruby/1.8/webrick/httpserver.rb:65:in `run'
  /usr/lib/ruby/1.8/webrick/server.rb:173:in `start_thread'
  /usr/lib/ruby/1.8/webrick/server.rb:162:in `start'
  /usr/lib/ruby/1.8/webrick/server.rb:162:in `start_thread'
  /usr/lib/ruby/1.8/webrick/server.rb:95:in `start'
  /usr/lib/ruby/1.8/webrick/server.rb:92:in `each'
  /usr/lib/ruby/1.8/webrick/server.rb:92:in `start'
  /usr/lib/ruby/1.8/webrick/server.rb:23:in `start'
  /usr/lib/ruby/1.8/webrick/server.rb:82:in `start'

Rendered rescues/_trace (28.2ms)
Rendered rescues/_request_and_response (0.4ms)
Rendering rescues/layout (internal_server_error)


Processing BooksController#add (for 127.0.0.1 at 2010-02-06 01:11:37) [GET]
Rendering books/add
Completed in 6ms (View: 3, DB: 0) | 200 OK [http://localhost/books/add]


Processing BooksController#add (for 127.0.0.1 at 2010-02-06 01:11:42) [POST]
  Parameters: {"commit"=>"add", "authenticity_token"=>"qQMLG1Ma/chxXVNX62f3W4rNIzsGBpAf9KlzxNX0pxk=", "book"=>{"name"=>"falkjalj", "author"=>"lkjaljdk"}}
  [4;35;1mBook Create (0.5ms)[0m   [0mINSERT INTO "books" ("name", "mrp", "created_at", "author", "updated_at", "sale_price") VALUES(NULL, NULL, '2010-02-05 19:41:42', NULL, '2010-02-05 19:41:42', NULL)[0m
Rendering books/index
Completed in 70ms (View: 9, DB: 0) | 200 OK [http://localhost/books/add]
  [4;36;1mSQL (0.3ms)[0m   [0;1mSET SQL_AUTO_IS_NULL=0[0m


Processing BooksController#index (for 127.0.0.1 at 2010-02-06 17:07:03) [GET]
Rendering books/index
Completed in 9ms (View: 7, DB: 0) | 200 OK [http://localhost/books]
  [4;35;1mSQL (0.1ms)[0m   [0mSET SQL_AUTO_IS_NULL=0[0m


Processing BooksController#add (for 127.0.0.1 at 2010-02-06 17:07:06) [GET]
Rendering books/add
Completed in 25ms (View: 23, DB: 0) | 200 OK [http://localhost/books/add]
  [4;36;1mSQL (0.1ms)[0m   [0;1mSET SQL_AUTO_IS_NULL=0[0m


Processing BooksController#add (for 127.0.0.1 at 2010-02-06 17:13:46) [GET]
Rendering books/add
Completed in 10ms (View: 8, DB: 0) | 200 OK [http://localhost/books/add]
  [4;35;1mSQL (0.1ms)[0m   [0mSET SQL_AUTO_IS_NULL=0[0m


Processing BooksController#add (for 127.0.0.1 at 2010-02-06 17:13:59) [GET]
Rendering books/add
Completed in 10ms (View: 8, DB: 0) | 200 OK [http://localhost/books/add]
  [4;36;1mSQL (8.2ms)[0m   [0;1mSET SQL_AUTO_IS_NULL=0[0m


Processing BooksController#add (for 127.0.0.1 at 2010-02-06 17:14:12) [GET]
Rendering books/add
Completed in 10ms (View: 8, DB: 8) | 200 OK [http://localhost/books/add]
  [4;35;1mSQL (0.3ms)[0m   [0mSET SQL_AUTO_IS_NULL=0[0m


Processing BooksController#add (for 127.0.0.1 at 2010-02-06 17:18:03) [POST]
  Parameters: {"commit"=>"add", "authenticity_token"=>"Rtmj5m2n3affKiyVq9dVCTe/mBy1lDjZBORwJMpwd6E=", "book"=>{"name"=>"c", "author"=>"chandan"}}
  [4;36;1mBook Columns (0.9ms)[0m   [0;1mSHOW FIELDS FROM `books`[0m
  [4;35;1mSQL (0.1ms)[0m   [0mBEGIN[0m
  [4;36;1mBook Create (0.3ms)[0m   [0;1mINSERT INTO `books` (`name`, `mrp`, `created_at`, `author`, `updated_at`, `sale_price`) VALUES(NULL, NULL, '2010-02-06 11:48:03', NULL, '2010-02-06 11:48:03', NULL)[0m
  [4;35;1mSQL (46.0ms)[0m   [0mCOMMIT[0m
Rendering books/index
Completed in 60ms (View: 1, DB: 48) | 200 OK [http://localhost/books/add]
  [4;36;1mSQL (0.1ms)[0m   [0;1mSET SQL_AUTO_IS_NULL=0[0m


Processing BooksController#add (for 127.0.0.1 at 2010-02-06 17:20:52) [POST]
  Parameters: {"commit"=>"add", "authenticity_token"=>"Rtmj5m2n3affKiyVq9dVCTe/mBy1lDjZBORwJMpwd6E=", "book"=>{"name"=>"askdlfjlkj", "author"=>"lkjalkj"}}
  [4;35;1mBook Columns (0.8ms)[0m   [0mSHOW FIELDS FROM `books`[0m
  [4;36;1mSQL (0.1ms)[0m   [0;1mBEGIN[0m
  [4;35;1mBook Create (0.3ms)[0m   [0mINSERT INTO `books` (`name`, `mrp`, `created_at`, `author`, `updated_at`, `sale_price`) VALUES(NULL, NULL, '2010-02-06 11:50:52', NULL, '2010-02-06 11:50:52', NULL)[0m
  [4;36;1mSQL (50.3ms)[0m   [0;1mCOMMIT[0m
Rendering books/index
Completed in 61ms (View: 1, DB: 52) | 200 OK [http://localhost/books/add]
  [4;36;1mSQL (0.3ms)[0m   [0;1mSET SQL_AUTO_IS_NULL=0[0m
  [4;35;1mBook Columns (0.7ms)[0m   [0mSHOW FIELDS FROM `books`[0m
  [4;35;1mSQL (0.1ms)[0m   [0mSET SQL_AUTO_IS_NULL=0[0m


Processing BooksController#add (for 127.0.0.1 at 2010-02-06 17:26:47) [POST]
  Parameters: {"commit"=>"add", "authenticity_token"=>"Rtmj5m2n3affKiyVq9dVCTe/mBy1lDjZBORwJMpwd6E=", "book"=>{"name"=>"askdlfjlkj", "author"=>"lkjalkj"}}

ArgumentError (wrong number of arguments (1 for 0)):
  app/models/book.rb:5:in `name'
  app/models/book.rb:5:in `send'
  app/models/book.rb:5:in `initialize'
  app/models/book.rb:5:in `each'
  app/models/book.rb:5:in `initialize'
  app/controllers/books_controller.rb:12:in `new'
  app/controllers/books_controller.rb:12:in `add'
  /usr/lib/ruby/1.8/webrick/httpserver.rb:104:in `service'
  /usr/lib/ruby/1.8/webrick/httpserver.rb:65:in `run'
  /usr/lib/ruby/1.8/webrick/server.rb:173:in `start_thread'
  /usr/lib/ruby/1.8/webrick/server.rb:162:in `start'
  /usr/lib/ruby/1.8/webrick/server.rb:162:in `start_thread'
  /usr/lib/ruby/1.8/webrick/server.rb:95:in `start'
  /usr/lib/ruby/1.8/webrick/server.rb:92:in `each'
  /usr/lib/ruby/1.8/webrick/server.rb:92:in `start'
  /usr/lib/ruby/1.8/webrick/server.rb:23:in `start'
  /usr/lib/ruby/1.8/webrick/server.rb:82:in `start'

Rendered rescues/_trace (110.4ms)
Rendered rescues/_request_and_response (1.7ms)
Rendering rescues/layout (internal_server_error)
  [4;36;1mSQL (0.1ms)[0m   [0;1mSET SQL_AUTO_IS_NULL=0[0m


Processing BooksController#add (for 127.0.0.1 at 2010-02-06 17:27:52) [POST]
  Parameters: {"commit"=>"add", "authenticity_token"=>"Rtmj5m2n3affKiyVq9dVCTe/mBy1lDjZBORwJMpwd6E=", "book"=>{"name"=>"askdlfjlkj", "author"=>"lkjalkj"}}

ArgumentError (wrong number of arguments (1 for 0)):
  app/models/book.rb:5:in `name'
  app/models/book.rb:5:in `send'
  app/models/book.rb:5:in `initialize'
  app/models/book.rb:5:in `each'
  app/models/book.rb:5:in `initialize'
  app/controllers/books_controller.rb:12:in `new'
  app/controllers/books_controller.rb:12:in `add'
  /usr/lib/ruby/1.8/webrick/httpserver.rb:104:in `service'
  /usr/lib/ruby/1.8/webrick/httpserver.rb:65:in `run'
  /usr/lib/ruby/1.8/webrick/server.rb:173:in `start_thread'
  /usr/lib/ruby/1.8/webrick/server.rb:162:in `start'
  /usr/lib/ruby/1.8/webrick/server.rb:162:in `start_thread'
  /usr/lib/ruby/1.8/webrick/server.rb:95:in `start'
  /usr/lib/ruby/1.8/webrick/server.rb:92:in `each'
  /usr/lib/ruby/1.8/webrick/server.rb:92:in `start'
  /usr/lib/ruby/1.8/webrick/server.rb:23:in `start'
  /usr/lib/ruby/1.8/webrick/server.rb:82:in `start'

Rendered rescues/_trace (42.2ms)
Rendered rescues/_request_and_response (0.5ms)
Rendering rescues/layout (internal_server_error)
  [4;35;1mSQL (0.1ms)[0m   [0mSET SQL_AUTO_IS_NULL=0[0m


Processing BooksController#add (for 127.0.0.1 at 2010-02-06 17:27:57) [POST]
  Parameters: {"commit"=>"add", "authenticity_token"=>"Rtmj5m2n3affKiyVq9dVCTe/mBy1lDjZBORwJMpwd6E=", "book"=>{"name"=>"askdlfjlkj", "author"=>"lkjalkj"}}

ArgumentError (wrong number of arguments (1 for 0)):
  app/models/book.rb:5:in `name'
  app/models/book.rb:5:in `send'
  app/models/book.rb:5:in `initialize'
  app/models/book.rb:5:in `each'
  app/models/book.rb:5:in `initialize'
  app/controllers/books_controller.rb:12:in `new'
  app/controllers/books_controller.rb:12:in `add'
  /usr/lib/ruby/1.8/webrick/httpserver.rb:104:in `service'
  /usr/lib/ruby/1.8/webrick/httpserver.rb:65:in `run'
  /usr/lib/ruby/1.8/webrick/server.rb:173:in `start_thread'
  /usr/lib/ruby/1.8/webrick/server.rb:162:in `start'
  /usr/lib/ruby/1.8/webrick/server.rb:162:in `start_thread'
  /usr/lib/ruby/1.8/webrick/server.rb:95:in `start'
  /usr/lib/ruby/1.8/webrick/server.rb:92:in `each'
  /usr/lib/ruby/1.8/webrick/server.rb:92:in `start'
  /usr/lib/ruby/1.8/webrick/server.rb:23:in `start'
  /usr/lib/ruby/1.8/webrick/server.rb:82:in `start'

Rendered rescues/_trace (29.5ms)
Rendered rescues/_request_and_response (0.4ms)
Rendering rescues/layout (internal_server_error)
  [4;36;1mSQL (0.1ms)[0m   [0;1mSET SQL_AUTO_IS_NULL=0[0m


Processing BooksController#add (for 127.0.0.1 at 2010-02-06 17:28:43) [POST]
  Parameters: {"commit"=>"add", "authenticity_token"=>"Rtmj5m2n3affKiyVq9dVCTe/mBy1lDjZBORwJMpwd6E=", "book"=>{"name"=>"askdlfjlkj", "author"=>"lkjalkj"}}

ArgumentError (wrong number of arguments (1 for 0)):
  app/models/book.rb:5:in `name'
  app/models/book.rb:5:in `send'
  app/models/book.rb:5:in `initialize'
  app/models/book.rb:5:in `each'
  app/models/book.rb:5:in `initialize'
  app/controllers/books_controller.rb:12:in `new'
  app/controllers/books_controller.rb:12:in `add'
  /usr/lib/ruby/1.8/webrick/httpserver.rb:104:in `service'
  /usr/lib/ruby/1.8/webrick/httpserver.rb:65:in `run'
  /usr/lib/ruby/1.8/webrick/server.rb:173:in `start_thread'
  /usr/lib/ruby/1.8/webrick/server.rb:162:in `start'
  /usr/lib/ruby/1.8/webrick/server.rb:162:in `start_thread'
  /usr/lib/ruby/1.8/webrick/server.rb:95:in `start'
  /usr/lib/ruby/1.8/webrick/server.rb:92:in `each'
  /usr/lib/ruby/1.8/webrick/server.rb:92:in `start'
  /usr/lib/ruby/1.8/webrick/server.rb:23:in `start'
  /usr/lib/ruby/1.8/webrick/server.rb:82:in `start'

Rendered rescues/_trace (33.9ms)
Rendered rescues/_request_and_response (0.7ms)
Rendering rescues/layout (internal_server_error)
  [4;35;1mSQL (0.1ms)[0m   [0mSET SQL_AUTO_IS_NULL=0[0m


Processing BooksController#add (for 127.0.0.1 at 2010-02-06 17:28:49) [POST]
  Parameters: {"commit"=>"add", "authenticity_token"=>"Rtmj5m2n3affKiyVq9dVCTe/mBy1lDjZBORwJMpwd6E=", "book"=>{"name"=>"askdlfjlkj", "author"=>"lkjalkj"}}

ArgumentError (wrong number of arguments (1 for 0)):
  app/models/book.rb:5:in `name'
  app/models/book.rb:5:in `send'
  app/models/book.rb:5:in `initialize'
  app/models/book.rb:5:in `each'
  app/models/book.rb:5:in `initialize'
  app/controllers/books_controller.rb:12:in `new'
  app/controllers/books_controller.rb:12:in `add'
  /usr/lib/ruby/1.8/webrick/httpserver.rb:104:in `service'
  /usr/lib/ruby/1.8/webrick/httpserver.rb:65:in `run'
  /usr/lib/ruby/1.8/webrick/server.rb:173:in `start_thread'
  /usr/lib/ruby/1.8/webrick/server.rb:162:in `start'
  /usr/lib/ruby/1.8/webrick/server.rb:162:in `start_thread'
  /usr/lib/ruby/1.8/webrick/server.rb:95:in `start'
  /usr/lib/ruby/1.8/webrick/server.rb:92:in `each'
  /usr/lib/ruby/1.8/webrick/server.rb:92:in `start'
  /usr/lib/ruby/1.8/webrick/server.rb:23:in `start'
  /usr/lib/ruby/1.8/webrick/server.rb:82:in `start'

Rendered rescues/_trace (29.9ms)
Rendered rescues/_request_and_response (0.5ms)
Rendering rescues/layout (internal_server_error)
  [4;36;1mSQL (0.1ms)[0m   [0;1mSET SQL_AUTO_IS_NULL=0[0m


Processing BooksController#add (for 127.0.0.1 at 2010-02-06 17:30:25) [POST]
  Parameters: {"commit"=>"add", "authenticity_token"=>"Rtmj5m2n3affKiyVq9dVCTe/mBy1lDjZBORwJMpwd6E=", "book"=>{"name"=>"askdlfjlkj", "author"=>"lkjalkj"}}

NameError (`name' is not allowed as an instance variable name):
  app/models/book.rb:5:in `instance_variable_set'
  app/models/book.rb:5:in `initialize'
  app/models/book.rb:5:in `each'
  app/models/book.rb:5:in `initialize'
  app/controllers/books_controller.rb:12:in `new'
  app/controllers/books_controller.rb:12:in `add'
  /usr/lib/ruby/1.8/webrick/httpserver.rb:104:in `service'
  /usr/lib/ruby/1.8/webrick/httpserver.rb:65:in `run'
  /usr/lib/ruby/1.8/webrick/server.rb:173:in `start_thread'
  /usr/lib/ruby/1.8/webrick/server.rb:162:in `start'
  /usr/lib/ruby/1.8/webrick/server.rb:162:in `start_thread'
  /usr/lib/ruby/1.8/webrick/server.rb:95:in `start'
  /usr/lib/ruby/1.8/webrick/server.rb:92:in `each'
  /usr/lib/ruby/1.8/webrick/server.rb:92:in `start'
  /usr/lib/ruby/1.8/webrick/server.rb:23:in `start'
  /usr/lib/ruby/1.8/webrick/server.rb:82:in `start'

Rendered rescues/_trace (28.6ms)
Rendered rescues/_request_and_response (0.4ms)
Rendering rescues/layout (internal_server_error)
  [4;35;1mSQL (0.2ms)[0m   [0mSET SQL_AUTO_IS_NULL=0[0m


Processing BooksController#add (for 127.0.0.1 at 2010-02-06 17:32:14) [POST]
  Parameters: {"commit"=>"add", "authenticity_token"=>"Rtmj5m2n3affKiyVq9dVCTe/mBy1lDjZBORwJMpwd6E=", "book"=>{"name"=>"askdlfjlkj", "author"=>"lkjalkj"}}

NoMethodError (You have a nil object when you didn't expect it!
You might have expected an instance of ActiveRecord::Base.
The error occurred while evaluating nil.delete):
  app/controllers/books_controller.rb:12:in `add'
  /usr/lib/ruby/1.8/webrick/httpserver.rb:104:in `service'
  /usr/lib/ruby/1.8/webrick/httpserver.rb:65:in `run'
  /usr/lib/ruby/1.8/webrick/server.rb:173:in `start_thread'
  /usr/lib/ruby/1.8/webrick/server.rb:162:in `start'
  /usr/lib/ruby/1.8/webrick/server.rb:162:in `start_thread'
  /usr/lib/ruby/1.8/webrick/server.rb:95:in `start'
  /usr/lib/ruby/1.8/webrick/server.rb:92:in `each'
  /usr/lib/ruby/1.8/webrick/server.rb:92:in `start'
  /usr/lib/ruby/1.8/webrick/server.rb:23:in `start'
  /usr/lib/ruby/1.8/webrick/server.rb:82:in `start'

Rendered rescues/_trace (31.3ms)
Rendered rescues/_request_and_response (0.5ms)
Rendering rescues/layout (internal_server_error)
  [4;36;1mSQL (0.1ms)[0m   [0;1mSET SQL_AUTO_IS_NULL=0[0m


Processing BooksController#add (for 127.0.0.1 at 2010-02-06 17:32:40) [POST]
  Parameters: {"commit"=>"add", "authenticity_token"=>"Rtmj5m2n3affKiyVq9dVCTe/mBy1lDjZBORwJMpwd6E=", "book"=>{"name"=>"askdlfjlkj", "author"=>"lkjalkj"}}

NoMethodError (You have a nil object when you didn't expect it!
You might have expected an instance of ActiveRecord::Base.
The error occurred while evaluating nil.delete):
  app/controllers/books_controller.rb:12:in `add'
  /usr/lib/ruby/1.8/webrick/httpserver.rb:104:in `service'
  /usr/lib/ruby/1.8/webrick/httpserver.rb:65:in `run'
  /usr/lib/ruby/1.8/webrick/server.rb:173:in `start_thread'
  /usr/lib/ruby/1.8/webrick/server.rb:162:in `start'
  /usr/lib/ruby/1.8/webrick/server.rb:162:in `start_thread'
  /usr/lib/ruby/1.8/webrick/server.rb:95:in `start'
  /usr/lib/ruby/1.8/webrick/server.rb:92:in `each'
  /usr/lib/ruby/1.8/webrick/server.rb:92:in `start'
  /usr/lib/ruby/1.8/webrick/server.rb:23:in `start'
  /usr/lib/ruby/1.8/webrick/server.rb:82:in `start'

Rendered rescues/_trace (40.7ms)
Rendered rescues/_request_and_response (0.5ms)
Rendering rescues/layout (internal_server_error)
  [4;35;1mSQL (1.6ms)[0m   [0mSET SQL_AUTO_IS_NULL=0[0m


Processing BooksController#add (for 127.0.0.1 at 2010-02-06 17:32:44) [GET]
Rendering books/add
Completed in 5ms (View: 3, DB: 2) | 200 OK [http://localhost/books/add]
  [4;36;1mSQL (1.0ms)[0m   [0;1mSET SQL_AUTO_IS_NULL=0[0m


Processing BooksController#add (for 127.0.0.1 at 2010-02-06 17:32:49) [POST]
  Parameters: {"commit"=>"add", "authenticity_token"=>"Rtmj5m2n3affKiyVq9dVCTe/mBy1lDjZBORwJMpwd6E=", "book"=>{"name"=>"aslkdj", "author"=>"lkjlj"}}

NoMethodError (You have a nil object when you didn't expect it!
You might have expected an instance of ActiveRecord::Base.
The error occurred while evaluating nil.delete):
  app/controllers/books_controller.rb:12:in `add'
  /usr/lib/ruby/1.8/webrick/httpserver.rb:104:in `service'
  /usr/lib/ruby/1.8/webrick/httpserver.rb:65:in `run'
  /usr/lib/ruby/1.8/webrick/server.rb:173:in `start_thread'
  /usr/lib/ruby/1.8/webrick/server.rb:162:in `start'
  /usr/lib/ruby/1.8/webrick/server.rb:162:in `start_thread'
  /usr/lib/ruby/1.8/webrick/server.rb:95:in `start'
  /usr/lib/ruby/1.8/webrick/server.rb:92:in `each'
  /usr/lib/ruby/1.8/webrick/server.rb:92:in `start'
  /usr/lib/ruby/1.8/webrick/server.rb:23:in `start'
  /usr/lib/ruby/1.8/webrick/server.rb:82:in `start'

Rendered rescues/_trace (115.0ms)
Rendered rescues/_request_and_response (0.5ms)
Rendering rescues/layout (internal_server_error)
  [4;35;1mSQL (1.9ms)[0m   [0mSET SQL_AUTO_IS_NULL=0[0m


Processing BooksController#add (for 127.0.0.1 at 2010-02-06 17:34:47) [GET]
Rendering books/add
Completed in 5ms (View: 3, DB: 2) | 200 OK [http://localhost/books/add]
  [4;36;1mSQL (0.1ms)[0m   [0;1mSET SQL_AUTO_IS_NULL=0[0m


Processing BooksController#add (for 127.0.0.1 at 2010-02-06 17:34:51) [POST]
  Parameters: {"commit"=>"add", "authenticity_token"=>"Rtmj5m2n3affKiyVq9dVCTe/mBy1lDjZBORwJMpwd6E=", "book"=>{"name"=>"", "author"=>""}}

ArgumentError (wrong number of arguments (1 for 0)):
  app/models/book.rb:5:in `name'
  app/models/book.rb:5:in `send'
  app/models/book.rb:5:in `initialize'
  app/models/book.rb:5:in `each'
  app/models/book.rb:5:in `initialize'
  app/controllers/books_controller.rb:12:in `new'
  app/controllers/books_controller.rb:12:in `add'
  /usr/lib/ruby/1.8/webrick/httpserver.rb:104:in `service'
  /usr/lib/ruby/1.8/webrick/httpserver.rb:65:in `run'
  /usr/lib/ruby/1.8/webrick/server.rb:173:in `start_thread'
  /usr/lib/ruby/1.8/webrick/server.rb:162:in `start'
  /usr/lib/ruby/1.8/webrick/server.rb:162:in `start_thread'
  /usr/lib/ruby/1.8/webrick/server.rb:95:in `start'
  /usr/lib/ruby/1.8/webrick/server.rb:92:in `each'
  /usr/lib/ruby/1.8/webrick/server.rb:92:in `start'
  /usr/lib/ruby/1.8/webrick/server.rb:23:in `start'
  /usr/lib/ruby/1.8/webrick/server.rb:82:in `start'

Rendered rescues/_trace (30.2ms)
Rendered rescues/_request_and_response (0.4ms)
Rendering rescues/layout (internal_server_error)
  [4;35;1mSQL (0.1ms)[0m   [0mSET SQL_AUTO_IS_NULL=0[0m


Processing BooksController#add (for 127.0.0.1 at 2010-02-06 17:35:59) [GET]
Rendering books/add
Completed in 6ms (View: 3, DB: 0) | 200 OK [http://localhost/books/add]
  [4;36;1mSQL (0.1ms)[0m   [0;1mSET SQL_AUTO_IS_NULL=0[0m


Processing BooksController#add (for 127.0.0.1 at 2010-02-06 17:36:01) [POST]
  Parameters: {"commit"=>"add", "authenticity_token"=>"Rtmj5m2n3affKiyVq9dVCTe/mBy1lDjZBORwJMpwd6E=", "book"=>{"name"=>"", "author"=>""}}

NoMethodError (You have a nil object when you didn't expect it!
You might have expected an instance of ActiveRecord::Base.
The error occurred while evaluating nil.delete):
  app/controllers/books_controller.rb:12:in `add'
  /usr/lib/ruby/1.8/webrick/httpserver.rb:104:in `service'
  /usr/lib/ruby/1.8/webrick/httpserver.rb:65:in `run'
  /usr/lib/ruby/1.8/webrick/server.rb:173:in `start_thread'
  /usr/lib/ruby/1.8/webrick/server.rb:162:in `start'
  /usr/lib/ruby/1.8/webrick/server.rb:162:in `start_thread'
  /usr/lib/ruby/1.8/webrick/server.rb:95:in `start'
  /usr/lib/ruby/1.8/webrick/server.rb:92:in `each'
  /usr/lib/ruby/1.8/webrick/server.rb:92:in `start'
  /usr/lib/ruby/1.8/webrick/server.rb:23:in `start'
  /usr/lib/ruby/1.8/webrick/server.rb:82:in `start'

Rendered rescues/_trace (111.2ms)
Rendered rescues/_request_and_response (0.5ms)
Rendering rescues/layout (internal_server_error)
  [4;35;1mSQL (0.1ms)[0m   [0mSET SQL_AUTO_IS_NULL=0[0m


Processing BooksController#add (for 127.0.0.1 at 2010-02-06 17:36:11) [POST]
  Parameters: {"commit"=>"add", "authenticity_token"=>"Rtmj5m2n3affKiyVq9dVCTe/mBy1lDjZBORwJMpwd6E=", "book"=>{"name"=>"fasada", "author"=>"adfas"}}

NoMethodError (You have a nil object when you didn't expect it!
You might have expected an instance of ActiveRecord::Base.
The error occurred while evaluating nil.delete):
  app/controllers/books_controller.rb:12:in `add'
  /usr/lib/ruby/1.8/webrick/httpserver.rb:104:in `service'
  /usr/lib/ruby/1.8/webrick/httpserver.rb:65:in `run'
  /usr/lib/ruby/1.8/webrick/server.rb:173:in `start_thread'
  /usr/lib/ruby/1.8/webrick/server.rb:162:in `start'
  /usr/lib/ruby/1.8/webrick/server.rb:162:in `start_thread'
  /usr/lib/ruby/1.8/webrick/server.rb:95:in `start'
  /usr/lib/ruby/1.8/webrick/server.rb:92:in `each'
  /usr/lib/ruby/1.8/webrick/server.rb:92:in `start'
  /usr/lib/ruby/1.8/webrick/server.rb:23:in `start'
  /usr/lib/ruby/1.8/webrick/server.rb:82:in `start'

Rendered rescues/_trace (38.6ms)
Rendered rescues/_request_and_response (0.4ms)
Rendering rescues/layout (internal_server_error)
  [4;36;1mSQL (0.1ms)[0m   [0;1mSET SQL_AUTO_IS_NULL=0[0m


Processing BooksController#add (for 127.0.0.1 at 2010-02-06 17:43:56) [GET]
Rendering books/add
Completed in 5ms (View: 3, DB: 0) | 200 OK [http://localhost/books/add]
  [4;35;1mSQL (0.1ms)[0m   [0mSET SQL_AUTO_IS_NULL=0[0m


Processing BooksController#add (for 127.0.0.1 at 2010-02-06 17:44:00) [POST]
  Parameters: {"commit"=>"add", "authenticity_token"=>"Rtmj5m2n3affKiyVq9dVCTe/mBy1lDjZBORwJMpwd6E=", "book"=>{"name"=>"fdalkj", "author"=>"lkjaslkj"}}
  [4;36;1mBook Columns (1.7ms)[0m   [0;1mSHOW FIELDS FROM `books`[0m
  [4;35;1mSQL (0.1ms)[0m   [0mBEGIN[0m
  [4;36;1mBook Create (0.2ms)[0m   [0;1mINSERT INTO `books` (`name`, `mrp`, `created_at`, `author`, `updated_at`, `sale_price`) VALUES('fdalkj', NULL, '2010-02-06 12:14:00', 'lkjaslkj', '2010-02-06 12:14:00', NULL)[0m
  [4;35;1mSQL (41.1ms)[0m   [0mCOMMIT[0m
Rendering books/index
Completed in 53ms (View: 1, DB: 43) | 200 OK [http://localhost/books/add]
  [4;36;1mSQL (0.1ms)[0m   [0;1mSET SQL_AUTO_IS_NULL=0[0m


Processing BooksController#add (for 127.0.0.1 at 2010-02-06 17:47:04) [GET]
Rendering books/add
Completed in 5ms (View: 3, DB: 0) | 200 OK [http://localhost/books/add]
  [4;35;1mSQL (0.1ms)[0m   [0mSET SQL_AUTO_IS_NULL=0[0m


Processing BooksController#add (for 127.0.0.1 at 2010-02-06 18:04:41) [POST]
  Parameters: {"commit"=>"add", "authenticity_token"=>"Rtmj5m2n3affKiyVq9dVCTe/mBy1lDjZBORwJMpwd6E=", "book"=>{"name"=>"fdkljdas", "author"=>"dfalskj"}}
  [4;36;1mBook Columns (0.8ms)[0m   [0;1mSHOW FIELDS FROM `books`[0m
  [4;35;1mSQL (0.1ms)[0m   [0mBEGIN[0m
  [4;36;1mBook Create (0.8ms)[0m   [0;1mINSERT INTO `books` (`name`, `mrp`, `created_at`, `author`, `updated_at`, `sale_price`) VALUES('fdkljdas', NULL, '2010-02-06 12:34:41', 'dfalskj', '2010-02-06 12:34:41', NULL)[0m
  [4;35;1mSQL (37.4ms)[0m   [0mCOMMIT[0m
Rendering books/index
Completed in 49ms (View: 1, DB: 39) | 200 OK [http://localhost/books/add]
  [4;36;1mSQL (9.0ms)[0m   [0;1mSET SQL_AUTO_IS_NULL=0[0m


Processing BooksController#add (for 127.0.0.1 at 2010-02-06 20:07:52) [GET]
Rendering books/add
Completed in 12ms (View: 10, DB: 9) | 200 OK [http://localhost/books/add]
  [4;35;1mSQL (0.1ms)[0m   [0mSET SQL_AUTO_IS_NULL=0[0m


Processing BooksController#add (for 127.0.0.1 at 2010-02-06 20:08:12) [GET]
Rendering books/add
Completed in 19ms (View: 17, DB: 0) | 200 OK [http://localhost/books/add]
  [4;36;1mSQL (0.1ms)[0m   [0;1mSET SQL_AUTO_IS_NULL=0[0m


Processing BooksController#add (for 127.0.0.1 at 2010-02-06 20:10:59) [POST]
  Parameters: {"commit"=>"add", "authenticity_token"=>"Rtmj5m2n3affKiyVq9dVCTe/mBy1lDjZBORwJMpwd6E=", "book"=>{"mrp"=>"", "name"=>"", "author"=>"", "sale_price"=>""}}
  [4;35;1mBook Columns (0.8ms)[0m   [0mSHOW FIELDS FROM `books`[0m
  [4;36;1mSQL (0.1ms)[0m   [0;1mBEGIN[0m
  [4;35;1mSQL (0.1ms)[0m   [0mROLLBACK[0m

ActiveRecord::RecordInvalid (Validation failed: Name can't be blank):
  app/controllers/books_controller.rb:12:in `add'
  /usr/lib/ruby/1.8/webrick/httpserver.rb:104:in `service'
  /usr/lib/ruby/1.8/webrick/httpserver.rb:65:in `run'
  /usr/lib/ruby/1.8/webrick/server.rb:173:in `start_thread'
  /usr/lib/ruby/1.8/webrick/server.rb:162:in `start'
  /usr/lib/ruby/1.8/webrick/server.rb:162:in `start_thread'
  /usr/lib/ruby/1.8/webrick/server.rb:95:in `start'
  /usr/lib/ruby/1.8/webrick/server.rb:92:in `each'
  /usr/lib/ruby/1.8/webrick/server.rb:92:in `start'
  /usr/lib/ruby/1.8/webrick/server.rb:23:in `start'
  /usr/lib/ruby/1.8/webrick/server.rb:82:in `start'

Rendered rescues/_trace (33.3ms)
Rendered rescues/_request_and_response (0.5ms)
Rendering rescues/layout (unprocessable_entity)
  [4;36;1mSQL (0.1ms)[0m   [0;1mSET SQL_AUTO_IS_NULL=0[0m


Processing BooksController#add (for 127.0.0.1 at 2010-02-06 20:11:08) [POST]
  Parameters: {"commit"=>"add", "authenticity_token"=>"Rtmj5m2n3affKiyVq9dVCTe/mBy1lDjZBORwJMpwd6E=", "book"=>{"mrp"=>"", "name"=>"asdljlkj", "author"=>"", "sale_price"=>""}}
  [4;35;1mBook Columns (0.8ms)[0m   [0mSHOW FIELDS FROM `books`[0m
  [4;36;1mSQL (0.1ms)[0m   [0;1mBEGIN[0m
  [4;35;1mBook Create (0.2ms)[0m   [0mINSERT INTO `books` (`name`, `mrp`, `created_at`, `author`, `updated_at`, `sale_price`) VALUES('asdljlkj', NULL, '2010-02-06 14:41:08', '', '2010-02-06 14:41:08', NULL)[0m
  [4;36;1mSQL (40.8ms)[0m   [0;1mCOMMIT[0m
Rendering books/index
Completed in 52ms (View: 1, DB: 42) | 200 OK [http://localhost/books/add]
  [4;35;1mSQL (0.1ms)[0m   [0mSET SQL_AUTO_IS_NULL=0[0m


Processing BooksController#add (for 127.0.0.1 at 2010-02-06 20:11:33) [POST]
  Parameters: {"commit"=>"add", "authenticity_token"=>"Rtmj5m2n3affKiyVq9dVCTe/mBy1lDjZBORwJMpwd6E=", "book"=>{"mrp"=>"", "name"=>"asdljlkj", "author"=>"", "sale_price"=>""}}
  [4;36;1mBook Columns (4.3ms)[0m   [0;1mSHOW FIELDS FROM `books`[0m
  [4;35;1mSQL (0.1ms)[0m   [0mBEGIN[0m
  [4;36;1mBook Create (0.2ms)[0m   [0;1mINSERT INTO `books` (`name`, `mrp`, `created_at`, `author`, `updated_at`, `sale_price`) VALUES('asdljlkj', NULL, '2010-02-06 14:41:33', '', '2010-02-06 14:41:33', NULL)[0m
  [4;35;1mSQL (44.6ms)[0m   [0mCOMMIT[0m
Rendering books/index
Completed in 60ms (View: 1, DB: 49) | 200 OK [http://localhost/books/add]
  [4;36;1mSQL (0.1ms)[0m   [0;1mSET SQL_AUTO_IS_NULL=0[0m


Processing BooksController#add (for 127.0.0.1 at 2010-02-06 20:15:40) [POST]
  Parameters: {"commit"=>"add", "authenticity_token"=>"Rtmj5m2n3affKiyVq9dVCTe/mBy1lDjZBORwJMpwd6E=", "book"=>{"mrp"=>"", "name"=>"asdljlkj", "author"=>"", "sale_price"=>""}}
  [4;35;1mBook Columns (0.8ms)[0m   [0mSHOW FIELDS FROM `books`[0m
  [4;36;1mSQL (0.1ms)[0m   [0;1mBEGIN[0m
  [4;35;1mBook Create (3.6ms)[0m   [0mINSERT INTO `books` (`name`, `mrp`, `created_at`, `author`, `updated_at`, `sale_price`) VALUES('asdljlkj', NULL, '2010-02-06 14:45:41', '', '2010-02-06 14:45:41', NULL)[0m
  [4;36;1mSQL (50.4ms)[0m   [0;1mCOMMIT[0m
Redirected to http://localhost:3000/books
Completed in 66ms (DB: 55) | 302 Found [http://localhost/books/add]
  [4;35;1mSQL (0.1ms)[0m   [0mSET SQL_AUTO_IS_NULL=0[0m


Processing BooksController#index (for 127.0.0.1 at 2010-02-06 20:15:41) [GET]
Rendering books/index
Completed in 3ms (View: 1, DB: 0) | 200 OK [http://localhost/books]
